<?xml version="1.0" encoding="UTF-8"?>
<!-- Generated by org.testng.reporters.JUnitReportReporter -->
<testsuite hostname="LIN-PF25L3VX" failures="0" tests="1" name="Parametters.NewTest" time="7.007" errors="0" timestamp="2024-03-13T15:51:04 IST" skipped="0">
  <testcase classname="Parametters.NewTest" name="f" time="7.007"/>
</testsuite> <!-- Parametters.NewTest -->
