<?xml version="1.0" encoding="UTF-8"?>
<!-- Generated by org.testng.reporters.JUnitReportReporter -->
<testsuite hostname="LIN-PF25L3VX" failures="0" tests="1" name="Parametters.ParameterizationWithXML" time="10.487" errors="0" timestamp="2024-03-12T10:16:14 IST" skipped="0">
  <testcase classname="Parametters.ParameterizationWithXML" name="Prpgram" time="10.487"/>
</testsuite> <!-- Parametters.ParameterizationWithXML -->
