<?xml version="1.0" encoding="UTF-8"?>
<!-- Generated by org.testng.reporters.JUnitReportReporter -->
<testsuite hostname="LIN-PF25L3VX" failures="0" tests="3" name="Parametters.Priorityy" time="7.926" errors="0" timestamp="2024-03-13T10:56:23 IST" skipped="0">
  <testcase classname="Parametters.Priorityy" name="openBrowser" time="5.240"/>
  <testcase classname="Parametters.Priorityy" name="lauchGoogle" time="1.193"/>
  <testcase classname="Parametters.Priorityy" name="facebook" time="1.493"/>
</testsuite> <!-- Parametters.Priorityy -->
