<?xml version="1.0" encoding="UTF-8"?>
<!-- Generated by org.testng.reporters.JUnitReportReporter -->
<testsuite hostname="LIN-PF25L3VX" failures="0" tests="5" name="Parametters.Hotellapplogin" time="38.862" errors="0" timestamp="2024-03-13T10:21:08 IST" skipped="0">
  <testcase classname="Parametters.Hotellapplogin" name="HotelP" time="5.771"/>
  <testcase classname="Parametters.Hotellapplogin" name="HotelP" time="5.894"/>
  <testcase classname="Parametters.Hotellapplogin" name="HotelP" time="5.153"/>
  <testcase classname="Parametters.Hotellapplogin" name="HotelP" time="6.041"/>
  <testcase classname="Parametters.Hotellapplogin" name="HotelP" time="16.003"/>
</testsuite> <!-- Parametters.Hotellapplogin -->
